{"C:\\Users\\penha\\Documents\\BYU-I ITM 350 System Analysis and Design\\itm-Group4-bb\\NodeJSExample\\src\\helloworld.js": {"path":"C:\\Users\\penha\\Documents\\BYU-I ITM 350 System Analysis and Design\\itm-Group4-bb\\NodeJSExample\\src\\helloworld.js","statementMap":{"0":{"start":{"line":3,"column":4},"end":{"line":3,"column":29}},"1":{"start":{"line":6,"column":2},"end":{"line":6,"column":32}}},"fnMap":{"0":{"name":"sayHello","decl":{"start":{"line":2,"column":9},"end":{"line":2,"column":17}},"loc":{"start":{"line":2,"column":24},"end":{"line":4,"column":3}},"line":2}},"branchMap":{},"s":{"0":1,"1":1},"f":{"0":1},"b":{},"_coverageSchema":"1a1c01bbd47fc00a2c39e90264f33305004495a9","hash":"ed7940f74a02a638ac56e4cdb9910a39042fad5b"}
}
